Build started 7/12/2014 11:19:00 AM.
     1>Project "C:\Users\Phil\Documents\Visual Studio 2013\Projects\project2-2\project2-2\project2-2.vcxproj" on node 2 (Build target(s)).
     1>Link:
         C:\Program Files (x86)\Microsoft Visual Studio 12.0\VC\bin\link.exe /ERRORREPORT:PROMPT /OUT:"C:\Users\Phil\Documents\Visual Studio 2013\Projects\project2-2\Debug\project2-2.exe" /INCREMENTAL /NOLOGO kernel32.lib user32.lib gdi32.lib winspool.lib comdlg32.lib advapi32.lib shell32.lib ole32.lib oleaut32.lib uuid.lib odbc32.lib odbccp32.lib /MANIFEST /MANIFESTUAC:"level='asInvoker' uiAccess='false'" /manifest:embed /DEBUG /PDB:"C:\Users\Phil\Documents\Visual Studio 2013\Projects\project2-2\Debug\project2-2.pdb" /SUBSYSTEM:CONSOLE /TLBID:1 /DYNAMICBASE /NXCOMPAT /IMPLIB:"C:\Users\Phil\Documents\Visual Studio 2013\Projects\project2-2\Debug\project2-2.lib" /MACHINE:X86 "Debug\project2-2.obj"
         Debug\stdafx.obj
     1>LINK : fatal error LNK1168: cannot open C:\Users\Phil\Documents\Visual Studio 2013\Projects\project2-2\Debug\project2-2.exe for writing
     1>Done Building Project "C:\Users\Phil\Documents\Visual Studio 2013\Projects\project2-2\project2-2\project2-2.vcxproj" (Build target(s)) -- FAILED.

Build FAILED.

Time Elapsed 00:00:00.10
